{'blanklines': [],
 'columns_in_file': 19,
 'columns_in_file_considered': 19,
 'lines_processed': 10,
 'tables': [{'bottom_boundary': 9,
             'columns': {0: {'column_header': [], 'table_column': 0},
                         1: {'column_header': [{'column': 1,
                                                'index': 0,
                                                'row': 1,
                                                'value': 'ICT goods totally'},
                                               {'column': 1,
                                                'index': 1,
                                                'row': 2,
                                                'value': 'Exports'}],
                             'table_column': 1},
                         2: {'column_header': [{'column': 1,
                                                'index': 0,
                                                'row': 1,
                                                'value': 'ICT goods totally'},
                                               {'column': 2,
                                                'index': 1,
                                                'row': 2,
                                                'value': 'Imports'}],
                             'table_column': 2},
                         3: {'column_header': [{'column': 1,
                                                'index': 1,
                                                'row': 1,
                                                'value': 'ICT goods totally'},
                                               {'column': 3,
                                                'index': 1,
                                                'row': 2,
                                                'value': 'Balance'}],
                             'table_column': 3},
                         4: {'column_header': [{'column': 4,
                                                'index': 0,
                                                'row': 1,
                                                'value': 'Audio and video '
                                                         'equipment'},
                                               {'column': 4,
                                                'index': 1,
                                                'row': 2,
                                                'value': 'Exports'}],
                             'table_column': 4},
                         5: {'column_header': [{'column': 4,
                                                'index': 2,
                                                'row': 1,
                                                'value': 'Audio and video '
                                                         'equipment'},
                                               {'column': 5,
                                                'index': 1,
                                                'row': 2,
                                                'value': 'Imports'}],
                             'table_column': 5},
                         6: {'column_header': [{'column': 4,
                                                'index': 3,
                                                'row': 1,
                                                'value': 'Audio and video '
                                                         'equipment'},
                                               {'column': 6,
                                                'index': 1,
                                                'row': 2,
                                                'value': 'Balance'}],
                             'table_column': 6},
                         7: {'column_header': [{'column': 7,
                                                'index': 0,
                                                'row': 1,
                                                'value': 'Computer and related '
                                                         'equipment'},
                                               {'column': 7,
                                                'index': 1,
                                                'row': 2,
                                                'value': 'Exports'}],
                             'table_column': 7},
                         8: {'column_header': [{'column': 7,
                                                'index': 4,
                                                'row': 1,
                                                'value': 'Computer and related '
                                                         'equipment'},
                                               {'column': 8,
                                                'index': 1,
                                                'row': 2,
                                                'value': 'Imports'}],
                             'table_column': 8},
                         9: {'column_header': [{'column': 7,
                                                'index': 5,
                                                'row': 1,
                                                'value': 'Computer and related '
                                                         'equipment'},
                                               {'column': 9,
                                                'index': 1,
                                                'row': 2,
                                                'value': 'Balance'}],
                             'table_column': 9},
                         10: {'column_header': [{'column': 10,
                                                 'index': 0,
                                                 'row': 1,
                                                 'value': 'Electronic '
                                                          'components'},
                                                {'column': 10,
                                                 'index': 1,
                                                 'row': 2,
                                                 'value': 'Exports'}],
                              'table_column': 10},
                         11: {'column_header': [{'column': 10,
                                                 'index': 6,
                                                 'row': 1,
                                                 'value': 'Electronic '
                                                          'components'},
                                                {'column': 11,
                                                 'index': 1,
                                                 'row': 2,
                                                 'value': 'Imports'}],
                              'table_column': 11},
                         12: {'column_header': [{'column': 10,
                                                 'index': 7,
                                                 'row': 1,
                                                 'value': 'Electronic '
                                                          'components'},
                                                {'column': 12,
                                                 'index': 1,
                                                 'row': 2,
                                                 'value': 'Balance'}],
                              'table_column': 12},
                         13: {'column_header': [{'column': 13,
                                                 'index': 0,
                                                 'row': 1,
                                                 'value': 'Telecommunications '
                                                          'equipment'},
                                                {'column': 13,
                                                 'index': 1,
                                                 'row': 2,
                                                 'value': 'Exports'}],
                              'table_column': 13},
                         14: {'column_header': [{'column': 13,
                                                 'index': 8,
                                                 'row': 1,
                                                 'value': 'Telecommunications '
                                                          'equipment'},
                                                {'column': 14,
                                                 'index': 1,
                                                 'row': 2,
                                                 'value': 'Imports'}],
                              'table_column': 14},
                         15: {'column_header': [{'column': 13,
                                                 'index': 9,
                                                 'row': 1,
                                                 'value': 'Telecommunications '
                                                          'equipment'},
                                                {'column': 15,
                                                 'index': 1,
                                                 'row': 2,
                                                 'value': 'Balance'}],
                              'table_column': 15},
                         16: {'column_header': [{'column': 16,
                                                 'index': 0,
                                                 'row': 1,
                                                 'value': 'Other ICT goods'},
                                                {'column': 16,
                                                 'index': 1,
                                                 'row': 2,
                                                 'value': 'Exports'}],
                              'table_column': 16},
                         17: {'column_header': [{'column': 16,
                                                 'index': 10,
                                                 'row': 1,
                                                 'value': 'Other ICT goods'},
                                                {'column': 17,
                                                 'index': 1,
                                                 'row': 2,
                                                 'value': 'Imports'}],
                              'table_column': 17},
                         18: {'column_header': [{'column': 16,
                                                 'index': 11,
                                                 'row': 1,
                                                 'value': 'Other ICT goods'},
                                                {'column': 18,
                                                 'index': 1,
                                                 'row': 2,
                                                 'value': 'Balance'}],
                              'table_column': 18}},
             'confidence': {'body': 0.9999866725460089,
                            'body_end': 1.0,
                            'body_start': 0.9999866725460089},
             'data_end': 9,
             'data_start': 3,
             'footnotes': [],
             'header': [1, 2],
             'subheaders': [],
             'table_counter': 1,
             'top_boundary': 0}]}
