processing file: C10001.csv
{'blanklines': [],
 'columns_in_file': 19,
 'columns_in_file_considered': 19,
 'lines_processed': 10,
 'tables': [{'bottom_boundary': 9,
             'columns': {0: {'column_header': [], 'table_column': 0},
                         1: {'column_header': [{'column': 1,
                                                'index': 0,
                                                'row': 1,
                                                'value': 'ICT goods totally'},
                                               {'column': 1,
                                                'index': 1,
                                                'row': 2,
                                                'value': 'Exports'}],
                             'table_column': 1},
                         2: {'column_header': [{'column': 1,
                                                'index': 0,
                                                'row': 1,
                                                'value': 'ICT goods totally'},
                                               {'column': 2,
                                                'index': 1,
                                                'row': 2,
                                                'value': 'Imports'}],
                             'table_column': 2},
                         3: {'column_header': [{'column': 1,
                                                'index': 1,
                                                'row': 1,
                                                'value': 'ICT goods totally'},
                                               {'column': 3,
                                                'index': 1,
                                                'row': 2,
                                                'value': 'Balance'}],
                             'table_column': 3},
                         4: {'column_header': [{'column': 4,
                                                'index': 0,
                                                'row': 1,
                                                'value': 'Audio and video '
                                                         'equipment'},
                                               {'column': 4,
                                                'index': 1,
                                                'row': 2,
                                                'value': 'Exports'}],
                             'table_column': 4},
                         5: {'column_header': [{'column': 4,
                                                'index': 2,
                                                'row': 1,
                                                'value': 'Audio and video '
                                                         'equipment'},
                                               {'column': 5,
                                                'index': 1,
                                                'row': 2,
                                                'value': 'Imports'}],
                             'table_column': 5},
                         6: {'column_header': [{'column': 4,
                                                'index': 3,
                                                'row': 1,
                                                'value': 'Audio and video '
                                                         'equipment'},
                                               {'column': 6,
                                                'index': 1,
                                                'row': 2,
                                                'value': 'Balance'}],
                             'table_column': 6},
                         7: {'column_header': [{'column': 7,
                                                'index': 0,
                                                'row': 1,
                                                'value': 'Computer and related '
                                                         'equipment'},
                                               {'column': 7,
                                                'index': 1,
                                                'row': 2,
                                                'value': 'Exports'}],
                             'table_column': 7},
                         8: {'column_header': [{'column': 7,
                                                'index': 4,
                                                'row': 1,
                                                'value': 'Computer and related '
                                                         'equipment'},
                                               {'column': 8,
                                                'index': 1,
                                                'row': 2,
                                                'value': 'Imports'}],
                             'table_column': 8},
                         9: {'column_header': [{'column': 7,
                                                'index': 5,
                                                'row': 1,
                                                'value': 'Computer and related '
                                                         'equipment'},
                                               {'column': 9,
                                                'index': 1,
                                                'row': 2,
                                                'value': 'Balance'}],
                             'table_column': 9},
                         10: {'column_header': [{'column': 10,
                                                 'index': 0,
                                                 'row': 1,
                                                 'value': 'Electronic '
                                                          'components'},
                                                {'column': 10,
                                                 'index': 1,
                                                 'row': 2,
                                                 'value': 'Exports'}],
                              'table_column': 10},
                         11: {'column_header': [{'column': 10,
                                                 'index': 6,
                                                 'row': 1,
                                                 'value': 'Electronic '
                                                          'components'},
                                                {'column': 11,
                                                 'index': 1,
                                                 'row': 2,
                                                 'value': 'Imports'}],
                              'table_column': 11},
                         12: {'column_header': [{'column': 10,
                                                 'index': 7,
                                                 'row': 1,
                                                 'value': 'Electronic '
                                                          'components'},
                                                {'column': 12,
                                                 'index': 1,
                                                 'row': 2,
                                                 'value': 'Balance'}],
                              'table_column': 12},
                         13: {'column_header': [{'column': 13,
                                                 'index': 0,
                                                 'row': 1,
                                                 'value': 'Telecommunications '
                                                          'equipment'},
                                                {'column': 13,
                                                 'index': 1,
                                                 'row': 2,
                                                 'value': 'Exports'}],
                              'table_column': 13},
                         14: {'column_header': [{'column': 13,
                                                 'index': 8,
                                                 'row': 1,
                                                 'value': 'Telecommunications '
                                                          'equipment'},
                                                {'column': 14,
                                                 'index': 1,
                                                 'row': 2,
                                                 'value': 'Imports'}],
                              'table_column': 14},
                         15: {'column_header': [{'column': 13,
                                                 'index': 9,
                                                 'row': 1,
                                                 'value': 'Telecommunications '
                                                          'equipment'},
                                                {'column': 15,
                                                 'index': 1,
                                                 'row': 2,
                                                 'value': 'Balance'}],
                              'table_column': 15},
                         16: {'column_header': [{'column': 16,
                                                 'index': 0,
                                                 'row': 1,
                                                 'value': 'Other ICT goods'},
                                                {'column': 16,
                                                 'index': 1,
                                                 'row': 2,
                                                 'value': 'Exports'}],
                              'table_column': 16},
                         17: {'column_header': [{'column': 16,
                                                 'index': 10,
                                                 'row': 1,
                                                 'value': 'Other ICT goods'},
                                                {'column': 17,
                                                 'index': 1,
                                                 'row': 2,
                                                 'value': 'Imports'}],
                              'table_column': 17},
                         18: {'column_header': [{'column': 16,
                                                 'index': 11,
                                                 'row': 1,
                                                 'value': 'Other ICT goods'},
                                                {'column': 18,
                                                 'index': 1,
                                                 'row': 2,
                                                 'value': 'Balance'}],
                              'table_column': 18}},
             'confidence': {'body': 0.9999866725460089,
                            'body_end': 1.0,
                            'body_start': 0.9999866725460089},
             'data_end': 9,
             'data_start': 3,
             'footnotes': [],
             'header': [1, 2],
             'subheaders': [],
             'table_counter': 1,
             'top_boundary': 0}]}
processing file: C10002.csv
{'blanklines': [2],
 'columns_in_file': 8,
 'columns_in_file_considered': 8,
 'lines_processed': 22,
 'tables': [{'bottom_boundary': 21,
             'columns': {0: {'column_header': [{'column': 0,
                                                'index': 0,
                                                'row': 3,
                                                'value': 'Regional Council'}],
                             'table_column': 0},
                         1: {'column_header': [{'column': 1,
                                                'index': 0,
                                                'row': 3,
                                                'value': 'No Qualification'}],
                             'table_column': 1},
                         2: {'column_header': [{'column': 2,
                                                'index': 0,
                                                'row': 3,
                                                'value': 'Level 1 Certificate '
                                                         'Gained at School'}],
                             'table_column': 2},
                         3: {'column_header': [{'column': 3,
                                                'index': 0,
                                                'row': 3,
                                                'value': 'Level 2 Certificate '
                                                         'Gained at School'}],
                             'table_column': 3},
                         4: {'column_header': [{'column': 4,
                                                'index': 0,
                                                'row': 3,
                                                'value': 'Level 3 or 4 '
                                                         'Certificate Gained '
                                                         'at School'}],
                             'table_column': 4},
                         5: {'column_header': [{'column': 5,
                                                'index': 0,
                                                'row': 3,
                                                'value': 'Overseas Secondary '
                                                         'School '
                                                         'Qualification'}],
                             'table_column': 5},
                         6: {'column_header': [{'column': 6,
                                                'index': 0,
                                                'row': 3,
                                                'value': 'Level 1, 2 or 3 '
                                                         'Certificate Gained '
                                                         'Post-school'}],
                             'table_column': 6},
                         7: {'column_header': [{'column': 7,
                                                'index': 0,
                                                'row': 3,
                                                'value': 'Level 4 Certificate '
                                                         'Gained Post-school'}],
                             'table_column': 7}},
             'confidence': {'body': 0.9994507048133308,
                            'body_end': 0.9999999999059692,
                            'body_start': 0.9994507048133308},
             'data_end': 21,
             'data_start': 4,
             'footnotes': [],
             'header': [3],
             'subheaders': [],
             'table_counter': 1,
             'top_boundary': 0}]}
processing file: C10003.csv
{'blanklines': [],
 'columns_in_file': 6,
 'columns_in_file_considered': 6,
 'lines_processed': 32,
 'tables': [{'bottom_boundary': 31,
             'columns': {0: {'column_header': [], 'table_column': 0},
                         1: {'column_header': [{'column': 1,
                                                'index': 0,
                                                'row': 1,
                                                'value': '2005- $ millions'}],
                             'table_column': 1},
                         2: {'column_header': [{'column': 2,
                                                'index': 0,
                                                'row': 1,
                                                'value': '2006- $ millions'}],
                             'table_column': 2},
                         3: {'column_header': [{'column': 3,
                                                'index': 0,
                                                'row': 1,
                                                'value': '2007- $ millions'}],
                             'table_column': 3},
                         4: {'column_header': [{'column': 4,
                                                'index': 0,
                                                'row': 1,
                                                'value': '2008- $ millions'}],
                             'table_column': 4},
                         5: {'column_header': [{'column': 5,
                                                'index': 0,
                                                'row': 1,
                                                'value': '2009- $ millions'}],
                             'table_column': 5}},
             'confidence': {'body': 0.9999793098656354,
                            'body_end': 1.0,
                            'body_start': 0.9999793098656354},
             'data_end': 29,
             'data_start': 2,
             'footnotes': [30, 31],
             'header': [1],
             'subheaders': [],
             'table_counter': 1,
             'top_boundary': 0}]}
processing file: C10004.csv
{'blanklines': [2],
 'columns_in_file': 5,
 'columns_in_file_considered': 5,
 'lines_processed': 22,
 'tables': [{'bottom_boundary': 21,
             'columns': {0: {'column_header': [{'column': 0,
                                                'index': 0,
                                                'row': 3,
                                                'value': 'Regional Council'}],
                             'table_column': 0},
                         1: {'column_header': [{'column': 1,
                                                'index': 0,
                                                'row': 3,
                                                'value': 'Five Languages'}],
                             'table_column': 1},
                         2: {'column_header': [{'column': 2,
                                                'index': 0,
                                                'row': 3,
                                                'value': 'Six Languages'}],
                             'table_column': 2},
                         3: {'column_header': [{'column': 3,
                                                'index': 0,
                                                'row': 3,
                                                'value': 'Not Elsewhere '
                                                         'Included(2)'}],
                             'table_column': 3},
                         4: {'column_header': [{'column': 4,
                                                'index': 0,
                                                'row': 3,
                                                'value': 'Total'}],
                             'table_column': 4}},
             'confidence': {'body': 0.9994504662370483,
                            'body_end': 0.9999999999998542,
                            'body_start': 0.9994504662370483},
             'data_end': 21,
             'data_start': 4,
             'footnotes': [],
             'header': [3],
             'subheaders': [],
             'table_counter': 1,
             'top_boundary': 0}]}
processing file: C10005.csv
{'blanklines': [1, 3, 7],
 'columns_in_file': 7,
 'columns_in_file_considered': 7,
 'lines_processed': 9,
 'tables': [{'bottom_boundary': 8,
             'columns': {0: {'column_header': [], 'table_column': 0},
                         1: {'column_header': [{'column': 1,
                                                'index': 0,
                                                'row': 4,
                                                'value': 'Container'}],
                             'table_column': 1},
                         2: {'column_header': [{'column': 2,
                                                'index': 0,
                                                'row': 4,
                                                'value': 'Tanker'}],
                             'table_column': 2},
                         3: {'column_header': [{'column': 3,
                                                'index': 0,
                                                'row': 4,
                                                'value': 'Dry bulk'}],
                             'table_column': 3},
                         4: {'column_header': [{'column': 4,
                                                'index': 0,
                                                'row': 4,
                                                'value': 'General'}],
                             'table_column': 4},
                         5: {'column_header': [{'column': 5,
                                                'index': 0,
                                                'row': 4,
                                                'value': 'Other'}],
                             'table_column': 5},
                         6: {'column_header': [{'column': 6,
                                                'index': 0,
                                                'row': 4,
                                                'value': 'Total'}],
                             'table_column': 6}},
             'confidence': {'body': 0.49973491910432744,
                            'body_end': 1.0,
                            'body_start': 0.49973491910432744},
             'data_end': 6,
             'data_start': 5,
             'footnotes': [8],
             'header': [4],
             'subheaders': [],
             'table_counter': 1,
             'top_boundary': 0}]}
processing file: C10006.csv
{'blanklines': [3, 8],
 'columns_in_file': 5,
 'columns_in_file_considered': 5,
 'lines_processed': 12,
 'tables': [{'bottom_boundary': 11,
             'columns': {0: {'column_header': [], 'table_column': 0},
                         1: {'column_header': [{'column': 1,
                                                'index': 0,
                                                'row': 1,
                                                'value': 'Year/Month'},
                                               {'column': 1,
                                                'index': 1,
                                                'row': 2,
                                                'value': '2010/02 1000 '
                                                         'persons'}],
                             'table_column': 1},
                         2: {'column_header': [{'column': 1,
                                                'index': 0,
                                                'row': 1,
                                                'value': 'Year/Month'},
                                               {'column': 2,
                                                'index': 1,
                                                'row': 2,
                                                'value': '2010/01 1000 '
                                                         'persons'}],
                             'table_column': 2},
                         3: {'column_header': [{'column': 1,
                                                'index': 1,
                                                'row': 1,
                                                'value': 'Year/Month'},
                                               {'column': 3,
                                                'index': 1,
                                                'row': 2,
                                                'value': '2009/02 1000 '
                                                         'persons'}],
                             'table_column': 3},
                         4: {'column_header': [{'column': 4,
                                                'index': 0,
                                                'row': 1,
                                                'value': 'Change 2010/02 - '
                                                         '2009/02 Per cent '
                                                         '(%)'}],
                             'table_column': 4}},
             'confidence': {'body': 0.7485910187291931,
                            'body_end': 1.0,
                            'body_start': 0.7485910187291931},
             'data_end': 7,
             'data_start': 4,
             'footnotes': [9, 10, 11],
             'header': [1, 2],
             'subheaders': [4],
             'table_counter': 1,
             'top_boundary': 0}]}
processing file: C10007.csv
{'blanklines': [15],
 'columns_in_file': 6,
 'columns_in_file_considered': 6,
 'lines_processed': 17,
 'tables': [{'bottom_boundary': 16,
             'columns': {0: {'column_header': [], 'table_column': 0},
                         1: {'column_header': [{'column': 1,
                                                'index': 0,
                                                'row': 2,
                                                'value': '2006'},
                                               {'column': 1,
                                                'index': 1,
                                                'row': 3,
                                                'value': 'Canada number'}],
                             'table_column': 1},
                         2: {'column_header': [{'column': 1,
                                                'index': 0,
                                                'row': 2,
                                                'value': '2006'},
                                               {'column': 2,
                                                'index': 1,
                                                'row': 3,
                                                'value': 'N.L. number'}],
                             'table_column': 2},
                         3: {'column_header': [{'column': 1,
                                                'index': 1,
                                                'row': 2,
                                                'value': '2006'},
                                               {'column': 3,
                                                'index': 1,
                                                'row': 3,
                                                'value': 'P.E.I. number'}],
                             'table_column': 3},
                         4: {'column_header': [{'column': 1,
                                                'index': 2,
                                                'row': 2,
                                                'value': '2006'},
                                               {'column': 4,
                                                'index': 1,
                                                'row': 3,
                                                'value': 'N.S. number'}],
                             'table_column': 4},
                         5: {'column_header': [{'column': 1,
                                                'index': 3,
                                                'row': 2,
                                                'value': '2006'},
                                               {'column': 5,
                                                'index': 1,
                                                'row': 3,
                                                'value': 'N.B. number'}],
                             'table_column': 5}},
             'confidence': {'body': 0.8744623055991615,
                            'body_end': 0.9999999794035657,
                            'body_start': 0.8744623055991615},
             'data_end': 12,
             'data_start': 4,
             'footnotes': [13, 14, 16],
             'header': [2, 3],
             'subheaders': [],
             'table_counter': 1,
             'top_boundary': 0}]}
processing file: C10008.csv
{'blanklines': [23],
 'columns_in_file': 8,
 'columns_in_file_considered': 8,
 'lines_processed': 27,
 'tables': [{'bottom_boundary': 26,
             'columns': {0: {'column_header': [{'column': 0,
                                                'index': 0,
                                                'row': 1,
                                                'value': 'Service type -- '
                                                         'Import'}],
                             'table_column': 0},
                         1: {'column_header': [{'column': 1,
                                                'index': 0,
                                                'row': 1,
                                                'value': 'Year'},
                                               {'column': 1,
                                                'index': 1,
                                                'row': 2,
                                                'value': '2002'}],
                             'table_column': 1},
                         2: {'column_header': [{'column': 1,
                                                'index': 0,
                                                'row': 1,
                                                'value': 'Year'},
                                               {'column': 2,
                                                'index': 1,
                                                'row': 2,
                                                'value': '2003'}],
                             'table_column': 2},
                         3: {'column_header': [{'column': 1,
                                                'index': 1,
                                                'row': 1,
                                                'value': 'Year'},
                                               {'column': 3,
                                                'index': 1,
                                                'row': 2,
                                                'value': '2004'}],
                             'table_column': 3},
                         4: {'column_header': [{'column': 1,
                                                'index': 2,
                                                'row': 1,
                                                'value': 'Year'},
                                               {'column': 4,
                                                'index': 1,
                                                'row': 2,
                                                'value': '2005'}],
                             'table_column': 4},
                         5: {'column_header': [{'column': 1,
                                                'index': 3,
                                                'row': 1,
                                                'value': 'Year'},
                                               {'column': 5,
                                                'index': 1,
                                                'row': 2,
                                                'value': '2006'}],
                             'table_column': 5},
                         6: {'column_header': [{'column': 1,
                                                'index': 4,
                                                'row': 1,
                                                'value': 'Year'},
                                               {'column': 6,
                                                'index': 1,
                                                'row': 2,
                                                'value': '2007'}],
                             'table_column': 6},
                         7: {'column_header': [{'column': 1,
                                                'index': 5,
                                                'row': 1,
                                                'value': 'Year'},
                                               {'column': 7,
                                                'index': 1,
                                                'row': 2,
                                                'value': '2008'}],
                             'table_column': 7}},
             'confidence': {'body': 0.9969098749996641,
                            'body_end': 0.9999999999889662,
                            'body_start': 0.9969098749996641},
             'data_end': 22,
             'data_start': 3,
             'footnotes': [24, 25, 26],
             'header': [1, 2],
             'subheaders': [],
             'table_counter': 1,
             'top_boundary': 0}]}
processing file: C10009.csv
{'blanklines': [],
 'columns_in_file': 5,
 'columns_in_file_considered': 5,
 'lines_processed': 22,
 'tables': [{'bottom_boundary': 21,
             'columns': {0: {'column_header': [], 'table_column': 0},
                         1: {'column_header': [{'column': 1,
                                                'index': 0,
                                                'row': 2,
                                                'value': '2006'},
                                               {'column': 1,
                                                'index': 1,
                                                'row': 3,
                                                'value': "St. John's (N.L.) "
                                                         'number'}],
                             'table_column': 1},
                         2: {'column_header': [{'column': 1,
                                                'index': 0,
                                                'row': 2,
                                                'value': '2006'},
                                               {'column': 2,
                                                'index': 1,
                                                'row': 3,
                                                'value': 'Halifax (N.S.) '
                                                         'number'}],
                             'table_column': 2},
                         3: {'column_header': [{'column': 1,
                                                'index': 1,
                                                'row': 2,
                                                'value': '2006'},
                                               {'column': 3,
                                                'index': 1,
                                                'row': 3,
                                                'value': 'Moncton (N.B.) '
                                                         'number'}],
                             'table_column': 3},
                         4: {'column_header': [{'column': 1,
                                                'index': 2,
                                                'row': 2,
                                                'value': '2006'},
                                               {'column': 4,
                                                'index': 1,
                                                'row': 3,
                                                'value': 'Saint John (N.B.) '
                                                         'number'}],
                             'table_column': 4}},
             'confidence': {'body': 0.8749834818088082,
                            'body_end': 0.9999968783381742,
                            'body_start': 0.8749834818088082},
             'data_end': 19,
             'data_start': 4,
             'footnotes': [20, 21],
             'header': [2, 3],
             'subheaders': [],
             'table_counter': 1,
             'top_boundary': 0}]}
processing file: C10010.csv
{'blanklines': [],
 'columns_in_file': 6,
 'columns_in_file_considered': 6,
 'lines_processed': 16,
 'tables': [{'bottom_boundary': 15,
             'columns': {0: {'column_header': [], 'table_column': 0},
                         1: {'column_header': [{'column': 1,
                                                'index': 0,
                                                'row': 2,
                                                'value': '2003 $ thousands'}],
                             'table_column': 1},
                         2: {'column_header': [{'column': 2,
                                                'index': 0,
                                                'row': 2,
                                                'value': '2004 $ thousands'}],
                             'table_column': 2},
                         3: {'column_header': [{'column': 3,
                                                'index': 0,
                                                'row': 2,
                                                'value': '2005 $ thousands'}],
                             'table_column': 3},
                         4: {'column_header': [{'column': 4,
                                                'index': 0,
                                                'row': 2,
                                                'value': '2006 $ thousands'}],
                             'table_column': 4},
                         5: {'column_header': [{'column': 5,
                                                'index': 0,
                                                'row': 2,
                                                'value': '2007 $ thousands'}],
                             'table_column': 5}},
             'confidence': {'body': 0.9999732425945387,
                            'body_end': 0.9999999953731431,
                            'body_start': 0.9999732425945387},
             'data_end': 11,
             'data_start': 3,
             'footnotes': [12, 13, 14, 15],
             'header': [2],
             'subheaders': [3],
             'table_counter': 1,
             'top_boundary': 0}]}

