[1] "Result of running hypoparsr on file '/home/vagrant/test_data_10_tables/converted_to_csv/C10008.csv', generated 36 hypotheses, use as.data.frame() to get best parsing result."
[1] "Best Guess: "
                                                                                                                           Service type -- Import
4                                                                                                         Postal- and telecommunications services
5                                                                                                          - Postal services and courier services
6                                                                                                                   - Telecommunications services
7                                                                                                                Imports of construction services
8                                                                                                               Computer and information services
9                                                                                                                             - Computer services
10                                                                                                                         - Information services
11                                                                                                                     Royalties and licence fees
12                                                                                                                      Other business services l
13                                            - Legal, accounting, bookkeeping, business and management consultancy and public relations services
14                                                                                      - Advertising, market research and public opinion polling
15                                                                                                            - Research and development services
16                                                                                      - Architectural, engineering and other technical services
17                                                                                          - Agriculture, mining and on-site processing services
18 - Unclassified business services, incl. Commission trade, operational leasing and services within an enterprise group not classified elsewhere
19                                                                                Audiovisual, other personal, cultural and recreational services
20                                                                                                             - Audiovisual and related services
21                                                                                           - Other personal, cultural and recreational services
22                                                                                                                     Other unspecified services
23                                                                                                                                   Import total
   Year.2002 2003 2004 2005 2006 2007  2008
4        293  249  228  474  430  318   371
5         34   43   28   71   57   62    71
6        259  206  200  403  373  255   300
7        223  261  497  388  261  248   411
8        395  427  592  929  891 1094  1311
9        363  407  561  904  879    1     1
10        32   19   31   25   12   17    18
11       641  545  644  902 1031 1051  1380
12      3703 4038 3900 4830 4944 5791  8266
13       216  207  230  288  220  400   364
14       701  759  736    1    1    1     1
15         1    1    1    1    1    1     3
16        69   77   92  135  158  144   164
17         2    1    8    9   13   13    11
18         1    1    1    1    1    2     2
19        64   22   23   19   21   34    33
20        58    6    6   10    8   21    14
21         6   16   17    9   14   12    19
22       128   78  123  197    0    0     0
23      5448 5620 6007 7738 7578 8535 11771
